[debug] [2025-07-29T03:20:22.185Z] ----------------------------------------------------------------------
[debug] [2025-07-29T03:20:22.189Z] Command:       C:\Program Files\nodejs\node.exe C:\Users\Micro\AppData\Roaming\npm\node_modules\firebase-tools\lib\bin\firebase.js init
[debug] [2025-07-29T03:20:22.189Z] CLI Version:   14.11.1
[debug] [2025-07-29T03:20:22.189Z] Platform:      win32
[debug] [2025-07-29T03:20:22.189Z] Node Version:  v22.17.1
[debug] [2025-07-29T03:20:22.190Z] Time:          Tue Jul 29 2025 00:20:22 GMT-0300 (Horário Padrão de Brasília)
[debug] [2025-07-29T03:20:22.190Z] ----------------------------------------------------------------------
[debug] 
[debug] [2025-07-29T03:20:22.197Z] > command requires scopes: ["email","openid","https://www.googleapis.com/auth/cloudplatformprojects.readonly","https://www.googleapis.com/auth/firebase","https://www.googleapis.com/auth/cloud-platform"]
[debug] [2025-07-29T03:20:22.197Z] > authorizing via signed-in user (brunobrucktrader@gmail.com)
[info] 
     ######## #### ########  ######## ########     ###     ######  ########
     ##        ##  ##     ## ##       ##     ##  ##   ##  ##       ##
     ######    ##  ########  ######   ########  #########  ######  ######
     ##        ##  ##    ##  ##       ##     ## ##     ##       ## ##
     ##       #### ##     ## ######## ########  ##     ##  ######  ########

You're about to initialize a Firebase project in this directory:

  C:\Users\Micro\Desktop\meu fut oficial

[info] 
=== Project Setup
[info] 
[info] First, let's associate this project directory with a Firebase project.
[info] You can create multiple project aliases by running firebase use --add, 
[info] but for now we'll just set up a default project.
[info] 
[debug] [2025-07-29T03:22:47.807Z] Checked if tokens are valid: true, expires at: 1753762558489
[debug] [2025-07-29T03:22:47.807Z] Checked if tokens are valid: true, expires at: 1753762558489
[debug] [2025-07-29T03:22:47.808Z] >>> [apiv2][query] GET https://firebase.googleapis.com/v1beta1/projects pageSize=100
[debug] [2025-07-29T03:22:48.695Z] <<< [apiv2][status] GET https://firebase.googleapis.com/v1beta1/projects 200
[debug] [2025-07-29T03:22:48.696Z] <<< [apiv2][body] GET https://firebase.googleapis.com/v1beta1/projects [omitted]
[info] i  Using project resenha-fc-83coh (Resenha FC) 
[info] 
=== Hosting Setup
[debug] [2025-07-29T03:26:05.099Z] Checked if tokens are valid: true, expires at: 1753762558489
[debug] [2025-07-29T03:26:05.099Z] Checked if tokens are valid: true, expires at: 1753762558489
[debug] [2025-07-29T03:26:05.099Z] >>> [apiv2][query] GET https://firebase.googleapis.com/v1beta1/projects/resenha-fc-83coh [none]
[debug] [2025-07-29T03:26:05.575Z] <<< [apiv2][status] GET https://firebase.googleapis.com/v1beta1/projects/resenha-fc-83coh 200
[debug] [2025-07-29T03:26:05.575Z] <<< [apiv2][body] GET https://firebase.googleapis.com/v1beta1/projects/resenha-fc-83coh {"projectId":"resenha-fc-83coh","projectNumber":"984509038177","displayName":"Resenha FC","name":"projects/resenha-fc-83coh","resources":{"hostingSite":"resenha-fc-83coh"},"state":"ACTIVE","etag":"1_912a5da5-f6f0-42c8-bfc5-f2348b9d42fa"}
[info] 
[info] Your public directory is the folder (relative to your project directory) that
[info] will contain Hosting assets to be uploaded with firebase deploy. If you
[info] have a build process for your assets, use your build's output directory.
[info] 
[info] +  Wrote public/404.html 
[debug] [2025-07-29T03:27:26.475Z] >>> [apiv2][query] GET https://www.gstatic.com/firebasejs/releases.json [none]
[debug] [2025-07-29T03:27:26.592Z] <<< [apiv2][status] GET https://www.gstatic.com/firebasejs/releases.json 200
[debug] [2025-07-29T03:27:26.592Z] <<< [apiv2][body] GET https://www.gstatic.com/firebasejs/releases.json {"current":{"version":"12.0.0","browserURL":"https://www.gstatic.com/firebasejs/12.0.0/firebase.js","packageURL":"https://www.gstatic.com/firebasejs/12.0.0/firebase.tgz"},"live":{"version":"12.0","browserURL":"https://www.gstatic.com/firebasejs/live/12.0/firebase.js","packageURL":"https://www.gstatic.com/firebasejs/live/12.0/firebase.tgz"},"components":{"ai":"https://www.gstatic.com/firebasejs/12.0.0/firebase-ai.js","analytics":"https://www.gstatic.com/firebasejs/12.0.0/firebase-analytics.js","app":"https://www.gstatic.com/firebasejs/12.0.0/firebase-app.js","app-check":"https://www.gstatic.com/firebasejs/12.0.0/firebase-app-check.js","auth":"https://www.gstatic.com/firebasejs/12.0.0/firebase-auth.js","auth/cordova":"https://www.gstatic.com/firebasejs/12.0.0/firebase-auth/cordova.js","auth/web-extension":"https://www.gstatic.com/firebasejs/12.0.0/firebase-auth/web-extension.js","functions":"https://www.gstatic.com/firebasejs/12.0.0/firebase-functions.js","firestore":"https://www.gstatic.com/firebasejs/12.0.0/firebase-firestore.js","firestore/lite":"https://www.gstatic.com/firebasejs/12.0.0/firebase-firestore/lite.js","installations":"https://www.gstatic.com/firebasejs/12.0.0/firebase-installations.js","storage":"https://www.gstatic.com/firebasejs/12.0.0/firebase-storage.js","performance":"https://www.gstatic.com/firebasejs/12.0.0/firebase-performance.js","remote-config":"https://www.gstatic.com/firebasejs/12.0.0/firebase-remote-config.js","messaging":"https://www.gstatic.com/firebasejs/12.0.0/firebase-messaging.js","messaging/sw":"https://www.gstatic.com/firebasejs/12.0.0/firebase-messaging/sw.js","database":"https://www.gstatic.com/firebasejs/12.0.0/firebase-database.js","data-connect":"https://www.gstatic.com/firebasejs/12.0.0/firebase-data-connect.js","firestore.memory":"https://www.gstatic.com/firebasejs/12.0.0/firebase-firestore.memory.js"}}
[info] +  Wrote public/index.html 
[info] 
[info] i  Didn't detect a .git folder. Assuming C:\Users\Micro\Desktop\meu fut oficial is the project root. 
[info] i  Authorizing with GitHub to upload your service account to a GitHub repository's secrets store. 
[info] 
[info] Visit this URL on this device to log in:
[info] https://github.com/login/oauth/authorize?client_id=89cf50f02ac6aaed3484&state=251391244&redirect_uri=http%3A%2F%2Flocalhost%3A9005&scope=read%3Auser%20repo%20public_repo
[info] 
[info] Waiting for authentication...
[debug] [2025-07-29T03:27:39.589Z] >>> [apiv2][query] POST https://github.com/login/oauth/access_token [none]
[debug] [2025-07-29T03:27:39.589Z] >>> [apiv2][body] POST https://github.com/login/oauth/access_token [stream]
[debug] [2025-07-29T03:27:39.893Z] <<< [apiv2][status] POST https://github.com/login/oauth/access_token 200
[debug] [2025-07-29T03:27:39.894Z] <<< [apiv2][body] POST https://github.com/login/oauth/access_token {"access_token":"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","token_type":"bearer","scope":"read:user,repo"}
[debug] [2025-07-29T03:27:39.899Z] >>> [apiv2][query] GET https://api.github.com/user [none]
[debug] [2025-07-29T03:27:40.206Z] <<< [apiv2][status] GET https://api.github.com/user 200
[debug] [2025-07-29T03:27:40.206Z] <<< [apiv2][body] GET https://api.github.com/user {"login":"BrunoBarrosbgs","id":187149410,"node_id":"U_kgDOCyesYg","avatar_url":"https://avatars.githubusercontent.com/u/187149410?v=4","gravatar_id":"","url":"https://api.github.com/users/BrunoBarrosbgs","html_url":"https://github.com/BrunoBarrosbgs","followers_url":"https://api.github.com/users/BrunoBarrosbgs/followers","following_url":"https://api.github.com/users/BrunoBarrosbgs/following{/other_user}","gists_url":"https://api.github.com/users/BrunoBarrosbgs/gists{/gist_id}","starred_url":"https://api.github.com/users/BrunoBarrosbgs/starred{/owner}{/repo}","subscriptions_url":"https://api.github.com/users/BrunoBarrosbgs/subscriptions","organizations_url":"https://api.github.com/users/BrunoBarrosbgs/orgs","repos_url":"https://api.github.com/users/BrunoBarrosbgs/repos","events_url":"https://api.github.com/users/BrunoBarrosbgs/events{/privacy}","received_events_url":"https://api.github.com/users/BrunoBarrosbgs/received_events","type":"User","user_view_type":"private","site_admin":false,"name":null,"company":null,"blog":"","location":null,"email":null,"hireable":null,"bio":null,"twitter_username":null,"notification_email":null,"public_repos":4,"public_gists":0,"followers":0,"following":0,"created_at":"2024-11-02T23:14:07Z","updated_at":"2025-07-17T19:20:07Z","private_gists":1,"total_private_repos":1,"owned_private_repos":1,"disk_usage":991,"collaborators":0,"two_factor_authentication":false,"plan":{"name":"free","space":976562499,"collaborators":0,"private_repos":10000}}
[info] 
[info] +  Success! Logged into GitHub as BrunoBarrosbgs 
[info] 
